Temp/gradleOut/unityLibrary/build/intermediates/manifest_merge_blame_file/release/manifest-merger-blame-release-report.txt
1<?xml version="1.0" encoding="utf-8"?>
2<!-- GENERATED BY UNITY. REMOVE THIS COMMENT TO PREVENT OVERWRITING WHEN EXPORTING AGAIN -->
3<manifest xmlns:android="http://schemas.android.com/apk/res/android"
4    xmlns:tools="http://schemas.android.com/tools"
5    package="com.unity3d.player"
6    android:versionCode="1"
7    android:versionName="0.1" >
8
9    <uses-sdk
10        android:minSdkVersion="19"
10-->src\main\AndroidManifest.xml
11        android:targetSdkVersion="29" />
11-->src\main\AndroidManifest.xml
12
13    <uses-feature android:glEsVersion="0x00030000" />
13-->src\main\AndroidManifest.xml:18:3-52
13-->src\main\AndroidManifest.xml:18:17-49
14    <uses-feature
14-->src\main\AndroidManifest.xml:19:3-91
15        android:name="android.hardware.vulkan.version"
15-->src\main\AndroidManifest.xml:19:17-63
16        android:required="false" />
16-->src\main\AndroidManifest.xml:19:64-88
17
18    <uses-permission android:name="android.permission.INTERNET" />
18-->src\main\AndroidManifest.xml:20:3-65
18-->src\main\AndroidManifest.xml:20:20-62
19    <uses-permission android:name="android.permission.ACCESS_FINE_LOCATION" />
19-->src\main\AndroidManifest.xml:21:3-77
19-->src\main\AndroidManifest.xml:21:20-74
20
21    <uses-feature
21-->src\main\AndroidManifest.xml:22:3-89
22        android:name="android.hardware.location.gps"
22-->src\main\AndroidManifest.xml:22:17-61
23        android:required="false" />
23-->src\main\AndroidManifest.xml:22:62-86
24    <uses-feature
24-->src\main\AndroidManifest.xml:23:3-85
25        android:name="android.hardware.location"
25-->src\main\AndroidManifest.xml:23:17-57
26        android:required="false" />
26-->src\main\AndroidManifest.xml:23:58-82
27    <uses-feature
27-->src\main\AndroidManifest.xml:24:3-88
28        android:name="android.hardware.touchscreen"
28-->src\main\AndroidManifest.xml:24:17-60
29        android:required="false" />
29-->src\main\AndroidManifest.xml:24:61-85
30    <uses-feature
30-->src\main\AndroidManifest.xml:25:3-99
31        android:name="android.hardware.touchscreen.multitouch"
31-->src\main\AndroidManifest.xml:25:17-71
32        android:required="false" />
32-->src\main\AndroidManifest.xml:25:72-96
33    <uses-feature
33-->src\main\AndroidManifest.xml:26:3-108
34        android:name="android.hardware.touchscreen.multitouch.distinct"
34-->src\main\AndroidManifest.xml:26:17-80
35        android:required="false" />
35-->src\main\AndroidManifest.xml:26:81-105
36
37    <application>
37-->src\main\AndroidManifest.xml:4:3-17:17
38        <activity
38-->src\main\AndroidManifest.xml:5:5-12:16
39            android:name="com.unity3d.player.UnityPlayerActivity"
39-->src\main\AndroidManifest.xml:5:15-68
40            android:configChanges="mcc|mnc|locale|touchscreen|keyboard|keyboardHidden|navigation|orientation|screenLayout|uiMode|screenSize|smallestScreenSize|fontScale|layoutDirection|density"
40-->src\main\AndroidManifest.xml:5:182-363
41            android:hardwareAccelerated="false"
41-->src\main\AndroidManifest.xml:5:364-399
42            android:launchMode="singleTask"
42-->src\main\AndroidManifest.xml:5:150-181
43            android:screenOrientation="fullSensor"
43-->src\main\AndroidManifest.xml:5:111-149
44            android:theme="@style/UnityThemeSelector" >
44-->src\main\AndroidManifest.xml:5:69-110
45            <intent-filter>
45-->src\main\AndroidManifest.xml:6:7-9:23
46                <action android:name="android.intent.action.MAIN" />
46-->src\main\AndroidManifest.xml:7:9-61
46-->src\main\AndroidManifest.xml:7:17-58
47
48                <category android:name="android.intent.category.LAUNCHER" />
48-->src\main\AndroidManifest.xml:8:9-69
48-->src\main\AndroidManifest.xml:8:19-66
49            </intent-filter>
50
51            <meta-data
51-->src\main\AndroidManifest.xml:10:7-82
52                android:name="unityplayer.UnityActivity"
52-->src\main\AndroidManifest.xml:10:18-58
53                android:value="true" />
53-->src\main\AndroidManifest.xml:10:59-79
54            <meta-data
54-->src\main\AndroidManifest.xml:11:7-78
55                android:name="android.notch_support"
55-->src\main\AndroidManifest.xml:11:18-54
56                android:value="true" />
56-->src\main\AndroidManifest.xml:11:55-75
57        </activity>
58
59        <meta-data
59-->src\main\AndroidManifest.xml:13:5-69
60            android:name="unity.splash-mode"
60-->src\main\AndroidManifest.xml:13:16-48
61            android:value="0" />
61-->src\main\AndroidManifest.xml:13:49-66
62        <meta-data
62-->src\main\AndroidManifest.xml:14:5-74
63            android:name="unity.splash-enable"
63-->src\main\AndroidManifest.xml:14:16-50
64            android:value="True" />
64-->src\main\AndroidManifest.xml:14:51-71
65        <meta-data
65-->src\main\AndroidManifest.xml:15:5-81
66            android:name="notch.config"
66-->src\main\AndroidManifest.xml:15:16-43
67            android:value="portrait|landscape" />
67-->src\main\AndroidManifest.xml:15:44-78
68        <meta-data
68-->src\main\AndroidManifest.xml:16:5-101
69            android:name="unity.build-id"
69-->src\main\AndroidManifest.xml:16:16-45
70            android:value="269c2113-b89d-4b2b-8cb3-dba2882d134b" />
70-->src\main\AndroidManifest.xml:16:46-98
71    </application>
72
73</manifest>